This is pdfTeX, Version 3.14159265-2.6-1.40.18 (TeX Live 2017/Debian) (preloaded format=pdflatex 2018.12.15)  29 AUG 2019 18:36
entering extended mode
 restricted \write18 enabled.
 %&-line parsing enabled.
**praca_magisterska.tex
(./praca_magisterska.tex
LaTeX2e <2017-04-15>
Babel <3.18> and hyphenation patterns for 84 language(s) loaded.
(/usr/share/texlive/texmf-dist/tex/latex/base/article.cls
Document Class: article 2014/09/29 v1.4h Standard LaTeX document class
(/usr/share/texlive/texmf-dist/tex/latex/base/size12.clo
File: size12.clo 2014/09/29 v1.4h Standard LaTeX file (size option)
)
\c@part=\count79
\c@section=\count80
\c@subsection=\count81
\c@subsubsection=\count82
\c@paragraph=\count83
\c@subparagraph=\count84
\c@figure=\count85
\c@table=\count86
\abovecaptionskip=\skip41
\belowcaptionskip=\skip42
\bibindent=\dimen102
)
(/usr/share/texlive/texmf-dist/tex/latex/base/inputenc.sty
Package: inputenc 2015/03/17 v1.2c Input encoding file
\inpenc@prehook=\toks14
\inpenc@posthook=\toks15

(/usr/share/texlive/texmf-dist/tex/latex/base/utf8.def
File: utf8.def 2017/01/28 v1.1t UTF-8 support for inputenc
Now handling font encoding OML ...
... no UTF-8 mapping file for font encoding OML
Now handling font encoding T1 ...
... processing UTF-8 mapping file for font encoding T1

(/usr/share/texlive/texmf-dist/tex/latex/base/t1enc.dfu
File: t1enc.dfu 2017/01/28 v1.1t UTF-8 support for inputenc
   defining Unicode char U+00A0 (decimal 160)
   defining Unicode char U+00A1 (decimal 161)
   defining Unicode char U+00A3 (decimal 163)
   defining Unicode char U+00AB (decimal 171)
   defining Unicode char U+00AD (decimal 173)
   defining Unicode char U+00BB (decimal 187)
   defining Unicode char U+00BF (decimal 191)
   defining Unicode char U+00C0 (decimal 192)
   defining Unicode char U+00C1 (decimal 193)
   defining Unicode char U+00C2 (decimal 194)
   defining Unicode char U+00C3 (decimal 195)
   defining Unicode char U+00C4 (decimal 196)
   defining Unicode char U+00C5 (decimal 197)
   defining Unicode char U+00C6 (decimal 198)
   defining Unicode char U+00C7 (decimal 199)
   defining Unicode char U+00C8 (decimal 200)
   defining Unicode char U+00C9 (decimal 201)
   defining Unicode char U+00CA (decimal 202)
   defining Unicode char U+00CB (decimal 203)
   defining Unicode char U+00CC (decimal 204)
   defining Unicode char U+00CD (decimal 205)
   defining Unicode char U+00CE (decimal 206)
   defining Unicode char U+00CF (decimal 207)
   defining Unicode char U+00D0 (decimal 208)
   defining Unicode char U+00D1 (decimal 209)
   defining Unicode char U+00D2 (decimal 210)
   defining Unicode char U+00D3 (decimal 211)
   defining Unicode char U+00D4 (decimal 212)
   defining Unicode char U+00D5 (decimal 213)
   defining Unicode char U+00D6 (decimal 214)
   defining Unicode char U+00D8 (decimal 216)
   defining Unicode char U+00D9 (decimal 217)
   defining Unicode char U+00DA (decimal 218)
   defining Unicode char U+00DB (decimal 219)
   defining Unicode char U+00DC (decimal 220)
   defining Unicode char U+00DD (decimal 221)
   defining Unicode char U+00DE (decimal 222)
   defining Unicode char U+00DF (decimal 223)
   defining Unicode char U+00E0 (decimal 224)
   defining Unicode char U+00E1 (decimal 225)
   defining Unicode char U+00E2 (decimal 226)
   defining Unicode char U+00E3 (decimal 227)
   defining Unicode char U+00E4 (decimal 228)
   defining Unicode char U+00E5 (decimal 229)
   defining Unicode char U+00E6 (decimal 230)
   defining Unicode char U+00E7 (decimal 231)
   defining Unicode char U+00E8 (decimal 232)
   defining Unicode char U+00E9 (decimal 233)
   defining Unicode char U+00EA (decimal 234)
   defining Unicode char U+00EB (decimal 235)
   defining Unicode char U+00EC (decimal 236)
   defining Unicode char U+00ED (decimal 237)
   defining Unicode char U+00EE (decimal 238)
   defining Unicode char U+00EF (decimal 239)
   defining Unicode char U+00F0 (decimal 240)
   defining Unicode char U+00F1 (decimal 241)
   defining Unicode char U+00F2 (decimal 242)
   defining Unicode char U+00F3 (decimal 243)
   defining Unicode char U+00F4 (decimal 244)
   defining Unicode char U+00F5 (decimal 245)
   defining Unicode char U+00F6 (decimal 246)
   defining Unicode char U+00F8 (decimal 248)
   defining Unicode char U+00F9 (decimal 249)
   defining Unicode char U+00FA (decimal 250)
   defining Unicode char U+00FB (decimal 251)
   defining Unicode char U+00FC (decimal 252)
   defining Unicode char U+00FD (decimal 253)
   defining Unicode char U+00FE (decimal 254)
   defining Unicode char U+00FF (decimal 255)
   defining Unicode char U+0100 (decimal 256)
   defining Unicode char U+0101 (decimal 257)
   defining Unicode char U+0102 (decimal 258)
   defining Unicode char U+0103 (decimal 259)
   defining Unicode char U+0104 (decimal 260)
   defining Unicode char U+0105 (decimal 261)
   defining Unicode char U+0106 (decimal 262)
   defining Unicode char U+0107 (decimal 263)
   defining Unicode char U+0108 (decimal 264)
   defining Unicode char U+0109 (decimal 265)
   defining Unicode char U+010A (decimal 266)
   defining Unicode char U+010B (decimal 267)
   defining Unicode char U+010C (decimal 268)
   defining Unicode char U+010D (decimal 269)
   defining Unicode char U+010E (decimal 270)
   defining Unicode char U+010F (decimal 271)
   defining Unicode char U+0110 (decimal 272)
   defining Unicode char U+0111 (decimal 273)
   defining Unicode char U+0112 (decimal 274)
   defining Unicode char U+0113 (decimal 275)
   defining Unicode char U+0114 (decimal 276)
   defining Unicode char U+0115 (decimal 277)
   defining Unicode char U+0116 (decimal 278)
   defining Unicode char U+0117 (decimal 279)
   defining Unicode char U+0118 (decimal 280)
   defining Unicode char U+0119 (decimal 281)
   defining Unicode char U+011A (decimal 282)
   defining Unicode char U+011B (decimal 283)
   defining Unicode char U+011C (decimal 284)
   defining Unicode char U+011D (decimal 285)
   defining Unicode char U+011E (decimal 286)
   defining Unicode char U+011F (decimal 287)
   defining Unicode char U+0120 (decimal 288)
   defining Unicode char U+0121 (decimal 289)
   defining Unicode char U+0122 (decimal 290)
   defining Unicode char U+0123 (decimal 291)
   defining Unicode char U+0124 (decimal 292)
   defining Unicode char U+0125 (decimal 293)
   defining Unicode char U+0128 (decimal 296)
   defining Unicode char U+0129 (decimal 297)
   defining Unicode char U+012A (decimal 298)
   defining Unicode char U+012B (decimal 299)
   defining Unicode char U+012C (decimal 300)
   defining Unicode char U+012D (decimal 301)
   defining Unicode char U+012E (decimal 302)
   defining Unicode char U+012F (decimal 303)
   defining Unicode char U+0130 (decimal 304)
   defining Unicode char U+0131 (decimal 305)
   defining Unicode char U+0132 (decimal 306)
   defining Unicode char U+0133 (decimal 307)
   defining Unicode char U+0134 (decimal 308)
   defining Unicode char U+0135 (decimal 309)
   defining Unicode char U+0136 (decimal 310)
   defining Unicode char U+0137 (decimal 311)
   defining Unicode char U+0139 (decimal 313)
   defining Unicode char U+013A (decimal 314)
   defining Unicode char U+013B (decimal 315)
   defining Unicode char U+013C (decimal 316)
   defining Unicode char U+013D (decimal 317)
   defining Unicode char U+013E (decimal 318)
   defining Unicode char U+0141 (decimal 321)
   defining Unicode char U+0142 (decimal 322)
   defining Unicode char U+0143 (decimal 323)
   defining Unicode char U+0144 (decimal 324)
   defining Unicode char U+0145 (decimal 325)
   defining Unicode char U+0146 (decimal 326)
   defining Unicode char U+0147 (decimal 327)
   defining Unicode char U+0148 (decimal 328)
   defining Unicode char U+014A (decimal 330)
   defining Unicode char U+014B (decimal 331)
   defining Unicode char U+014C (decimal 332)
   defining Unicode char U+014D (decimal 333)
   defining Unicode char U+014E (decimal 334)
   defining Unicode char U+014F (decimal 335)
   defining Unicode char U+0150 (decimal 336)
   defining Unicode char U+0151 (decimal 337)
   defining Unicode char U+0152 (decimal 338)
   defining Unicode char U+0153 (decimal 339)
   defining Unicode char U+0154 (decimal 340)
   defining Unicode char U+0155 (decimal 341)
   defining Unicode char U+0156 (decimal 342)
   defining Unicode char U+0157 (decimal 343)
   defining Unicode char U+0158 (decimal 344)
   defining Unicode char U+0159 (decimal 345)
   defining Unicode char U+015A (decimal 346)
   defining Unicode char U+015B (decimal 347)
   defining Unicode char U+015C (decimal 348)
   defining Unicode char U+015D (decimal 349)
   defining Unicode char U+015E (decimal 350)
   defining Unicode char U+015F (decimal 351)
   defining Unicode char U+0160 (decimal 352)
   defining Unicode char U+0161 (decimal 353)
   defining Unicode char U+0162 (decimal 354)
   defining Unicode char U+0163 (decimal 355)
   defining Unicode char U+0164 (decimal 356)
   defining Unicode char U+0165 (decimal 357)
   defining Unicode char U+0168 (decimal 360)
   defining Unicode char U+0169 (decimal 361)
   defining Unicode char U+016A (decimal 362)
   defining Unicode char U+016B (decimal 363)
   defining Unicode char U+016C (decimal 364)
   defining Unicode char U+016D (decimal 365)
   defining Unicode char U+016E (decimal 366)
   defining Unicode char U+016F (decimal 367)
   defining Unicode char U+0170 (decimal 368)
   defining Unicode char U+0171 (decimal 369)
   defining Unicode char U+0172 (decimal 370)
   defining Unicode char U+0173 (decimal 371)
   defining Unicode char U+0174 (decimal 372)
   defining Unicode char U+0175 (decimal 373)
   defining Unicode char U+0176 (decimal 374)
   defining Unicode char U+0177 (decimal 375)
   defining Unicode char U+0178 (decimal 376)
   defining Unicode char U+0179 (decimal 377)
   defining Unicode char U+017A (decimal 378)
   defining Unicode char U+017B (decimal 379)
   defining Unicode char U+017C (decimal 380)
   defining Unicode char U+017D (decimal 381)
   defining Unicode char U+017E (decimal 382)
   defining Unicode char U+01CD (decimal 461)
   defining Unicode char U+01CE (decimal 462)
   defining Unicode char U+01CF (decimal 463)
   defining Unicode char U+01D0 (decimal 464)
   defining Unicode char U+01D1 (decimal 465)
   defining Unicode char U+01D2 (decimal 466)
   defining Unicode char U+01D3 (decimal 467)
   defining Unicode char U+01D4 (decimal 468)
   defining Unicode char U+01E2 (decimal 482)
   defining Unicode char U+01E3 (decimal 483)
   defining Unicode char U+01E6 (decimal 486)
   defining Unicode char U+01E7 (decimal 487)
   defining Unicode char U+01E8 (decimal 488)
   defining Unicode char U+01E9 (decimal 489)
   defining Unicode char U+01EA (decimal 490)
   defining Unicode char U+01EB (decimal 491)
   defining Unicode char U+01F0 (decimal 496)
   defining Unicode char U+01F4 (decimal 500)
   defining Unicode char U+01F5 (decimal 501)
   defining Unicode char U+0218 (decimal 536)
   defining Unicode char U+0219 (decimal 537)
   defining Unicode char U+021A (decimal 538)
   defining Unicode char U+021B (decimal 539)
   defining Unicode char U+0232 (decimal 562)
   defining Unicode char U+0233 (decimal 563)
   defining Unicode char U+1E02 (decimal 7682)
   defining Unicode char U+1E03 (decimal 7683)
   defining Unicode char U+200C (decimal 8204)
   defining Unicode char U+2010 (decimal 8208)
   defining Unicode char U+2011 (decimal 8209)
   defining Unicode char U+2012 (decimal 8210)
   defining Unicode char U+2013 (decimal 8211)
   defining Unicode char U+2014 (decimal 8212)
   defining Unicode char U+2015 (decimal 8213)
   defining Unicode char U+2018 (decimal 8216)
   defining Unicode char U+2019 (decimal 8217)
   defining Unicode char U+201A (decimal 8218)
   defining Unicode char U+201C (decimal 8220)
   defining Unicode char U+201D (decimal 8221)
   defining Unicode char U+201E (decimal 8222)
   defining Unicode char U+2030 (decimal 8240)
   defining Unicode char U+2031 (decimal 8241)
   defining Unicode char U+2039 (decimal 8249)
   defining Unicode char U+203A (decimal 8250)
   defining Unicode char U+2423 (decimal 9251)
   defining Unicode char U+1E20 (decimal 7712)
   defining Unicode char U+1E21 (decimal 7713)
)
Now handling font encoding OT1 ...
... processing UTF-8 mapping file for font encoding OT1

(/usr/share/texlive/texmf-dist/tex/latex/base/ot1enc.dfu
File: ot1enc.dfu 2017/01/28 v1.1t UTF-8 support for inputenc
   defining Unicode char U+00A0 (decimal 160)
   defining Unicode char U+00A1 (decimal 161)
   defining Unicode char U+00A3 (decimal 163)
   defining Unicode char U+00AD (decimal 173)
   defining Unicode char U+00B8 (decimal 184)
   defining Unicode char U+00BF (decimal 191)
   defining Unicode char U+00C5 (decimal 197)
   defining Unicode char U+00C6 (decimal 198)
   defining Unicode char U+00D8 (decimal 216)
   defining Unicode char U+00DF (decimal 223)
   defining Unicode char U+00E6 (decimal 230)
   defining Unicode char U+00EC (decimal 236)
   defining Unicode char U+00ED (decimal 237)
   defining Unicode char U+00EE (decimal 238)
   defining Unicode char U+00EF (decimal 239)
   defining Unicode char U+00F8 (decimal 248)
   defining Unicode char U+0131 (decimal 305)
   defining Unicode char U+0141 (decimal 321)
   defining Unicode char U+0142 (decimal 322)
   defining Unicode char U+0152 (decimal 338)
   defining Unicode char U+0153 (decimal 339)
   defining Unicode char U+0174 (decimal 372)
   defining Unicode char U+0175 (decimal 373)
   defining Unicode char U+0176 (decimal 374)
   defining Unicode char U+0177 (decimal 375)
   defining Unicode char U+0218 (decimal 536)
   defining Unicode char U+0219 (decimal 537)
   defining Unicode char U+021A (decimal 538)
   defining Unicode char U+021B (decimal 539)
   defining Unicode char U+2013 (decimal 8211)
   defining Unicode char U+2014 (decimal 8212)
   defining Unicode char U+2018 (decimal 8216)
   defining Unicode char U+2019 (decimal 8217)
   defining Unicode char U+201C (decimal 8220)
   defining Unicode char U+201D (decimal 8221)
)
Now handling font encoding OMS ...
... processing UTF-8 mapping file for font encoding OMS

(/usr/share/texlive/texmf-dist/tex/latex/base/omsenc.dfu
File: omsenc.dfu 2017/01/28 v1.1t UTF-8 support for inputenc
   defining Unicode char U+00A7 (decimal 167)
   defining Unicode char U+00B6 (decimal 182)
   defining Unicode char U+00B7 (decimal 183)
   defining Unicode char U+2020 (decimal 8224)
   defining Unicode char U+2021 (decimal 8225)
   defining Unicode char U+2022 (decimal 8226)
)
Now handling font encoding OMX ...
... no UTF-8 mapping file for font encoding OMX
Now handling font encoding U ...
... no UTF-8 mapping file for font encoding U
   defining Unicode char U+00A9 (decimal 169)
   defining Unicode char U+00AA (decimal 170)
   defining Unicode char U+00AE (decimal 174)
   defining Unicode char U+00BA (decimal 186)
   defining Unicode char U+02C6 (decimal 710)
   defining Unicode char U+02DC (decimal 732)
   defining Unicode char U+200C (decimal 8204)
   defining Unicode char U+2026 (decimal 8230)
   defining Unicode char U+2122 (decimal 8482)
   defining Unicode char U+2423 (decimal 9251)
))
(/usr/share/texlive/texmf-dist/tex/latex/glossaries/base/glossaries.sty
Package: glossaries 2017/11/14 v4.35 (NLCT)

(/usr/share/texlive/texmf-dist/tex/latex/base/ifthen.sty
Package: ifthen 2014/09/29 v1.1c Standard LaTeX ifthen package (DPC)
)
(/usr/share/texlive/texmf-dist/tex/latex/xkeyval/xkeyval.sty
Package: xkeyval 2014/12/03 v2.7a package option processing (HA)

(/usr/share/texlive/texmf-dist/tex/generic/xkeyval/xkeyval.tex
(/usr/share/texlive/texmf-dist/tex/generic/xkeyval/xkvutils.tex
\XKV@toks=\toks16
\XKV@tempa@toks=\toks17

(/usr/share/texlive/texmf-dist/tex/generic/xkeyval/keyval.tex))
\XKV@depth=\count87
File: xkeyval.tex 2014/12/03 v2.7a key=value parser (HA)
))
(/usr/share/texlive/texmf-dist/tex/latex/mfirstuc/mfirstuc.sty
Package: mfirstuc 2017/11/14 v2.06 (NLCT)

(/usr/share/texlive/texmf-dist/tex/latex/etoolbox/etoolbox.sty
Package: etoolbox 2018/02/11 v2.5e e-TeX tools for LaTeX (JAW)
\etb@tempcnta=\count88
)
\@glsmfirst=\toks18
\@glsmrest=\toks19
)
(/usr/share/texlive/texmf-dist/tex/latex/textcase/textcase.sty
Package: textcase 2004/10/07 v0.07 Text only upper/lower case changing (DPC)
)
(/usr/share/texlive/texmf-dist/tex/latex/xfor/xfor.sty
Package: xfor 2009/02/05 v1.05 (NLCT)
)
(/usr/share/texlive/texmf-dist/tex/latex/datatool/datatool-base.sty
Package: datatool-base 2017/11/12 v2.29 (NLCT)

(/usr/share/texlive/texmf-dist/tex/latex/amsmath/amsmath.sty
Package: amsmath 2017/09/02 v2.17a AMS math features
\@mathmargin=\skip43

For additional information on amsmath, use the `?' option.
(/usr/share/texlive/texmf-dist/tex/latex/amsmath/amstext.sty
Package: amstext 2000/06/29 v2.01 AMS text

(/usr/share/texlive/texmf-dist/tex/latex/amsmath/amsgen.sty
File: amsgen.sty 1999/11/30 v2.0 generic functions
\@emptytoks=\toks20
\ex@=\dimen103
))
(/usr/share/texlive/texmf-dist/tex/latex/amsmath/amsbsy.sty
Package: amsbsy 1999/11/29 v1.2d Bold Symbols
\pmbraise@=\dimen104
)
(/usr/share/texlive/texmf-dist/tex/latex/amsmath/amsopn.sty
Package: amsopn 2016/03/08 v2.02 operator names
)
\inf@bad=\count89
LaTeX Info: Redefining \frac on input line 213.
\uproot@=\count90
\leftroot@=\count91
LaTeX Info: Redefining \overline on input line 375.
\classnum@=\count92
\DOTSCASE@=\count93
LaTeX Info: Redefining \ldots on input line 472.
LaTeX Info: Redefining \dots on input line 475.
LaTeX Info: Redefining \cdots on input line 596.
\Mathstrutbox@=\box26
\strutbox@=\box27
\big@size=\dimen105
LaTeX Font Info:    Redeclaring font encoding OML on input line 712.
LaTeX Font Info:    Redeclaring font encoding OMS on input line 713.
\macc@depth=\count94
\c@MaxMatrixCols=\count95
\dotsspace@=\muskip10
\c@parentequation=\count96
\dspbrk@lvl=\count97
\tag@help=\toks21
\row@=\count98
\column@=\count99
\maxfields@=\count100
\andhelp@=\toks22
\eqnshift@=\dimen106
\alignsep@=\dimen107
\tagshift@=\dimen108
\tagwidth@=\dimen109
\totwidth@=\dimen110
\lineht@=\dimen111
\@envbody=\toks23
\multlinegap=\skip44
\multlinetaggap=\skip45
\mathdisplay@stack=\toks24
LaTeX Info: Redefining \[ on input line 2817.
LaTeX Info: Redefining \] on input line 2818.
)
(/usr/share/texlive/texmf-dist/tex/latex/substr/substr.sty
Package: substr 2009/10/20 v1.2 Handle substrings
\c@su@anzahl=\count101
)
(/usr/share/texlive/texmf-dist/tex/latex/datatool/datatool-fp.sty
Package: datatool-fp 2017/11/12 v2.29 (NLCT)

(/usr/share/texlive/texmf-dist/tex/latex/fp/fp.sty
Package: fp 1995/04/02

`Fixed Point Package', Version 0.8, April 2, 1995 (C) Michael Mehlich
(/usr/share/texlive/texmf-dist/tex/latex/fp/defpattern.sty
Package: defpattern 1994/10/12
\actioncount=\count102
)
(/usr/share/texlive/texmf-dist/tex/latex/fp/fp-basic.sty
Package: fp-basic 1996/05/13
\FP@xs=\count103
\FP@xia=\count104
\FP@xib=\count105
\FP@xfa=\count106
\FP@xfb=\count107
\FP@rega=\count108
\FP@regb=\count109
\FP@regs=\count110
\FP@times=\count111
)
(/usr/share/texlive/texmf-dist/tex/latex/fp/fp-addons.sty
Package: fp-addons 1995/03/15
)
(/usr/share/texlive/texmf-dist/tex/latex/fp/fp-snap.sty
Package: fp-snap 1995/04/05
)
(/usr/share/texlive/texmf-dist/tex/latex/fp/fp-exp.sty
Package: fp-exp 1995/04/03
)
(/usr/share/texlive/texmf-dist/tex/latex/fp/fp-trigo.sty
Package: fp-trigo 1995/04/14
)
(/usr/share/texlive/texmf-dist/tex/latex/fp/fp-pas.sty
Package: fp-pas 1994/08/29
)
(/usr/share/texlive/texmf-dist/tex/latex/fp/fp-random.sty
Package: fp-random 1995/02/23
\FPseed=\count112
)
(/usr/share/texlive/texmf-dist/tex/latex/fp/fp-eqn.sty
Package: fp-eqn 1995/04/03
)
(/usr/share/texlive/texmf-dist/tex/latex/fp/fp-upn.sty
Package: fp-upn 1996/10/21
)
(/usr/share/texlive/texmf-dist/tex/latex/fp/fp-eval.sty
Package: fp-eval 1995/04/03
)))
\@dtl@toks=\toks25
\@dtl@tmpcount=\count113
\dtl@tmplength=\skip46
\dtl@sortresult=\count114
\@dtl@numgrpsepcount=\count115
\@dtl@datatype=\count116
\dtl@codeA=\count117
\dtl@codeB=\count118
\@dtl@foreach@level=\count119
)
(/usr/share/texlive/texmf-dist/tex/latex/glossaries/base/glossaries-compatible-
307.sty
Package: glossaries-compatible-307 2017/11/14 v4.35 (NLCT)
)
\gls@level=\count120
\@gls@tmpb=\toks26
\gls@tmplen=\skip47
\glskeylisttok=\toks27
\glslabeltok=\toks28
\glsshorttok=\toks29
\glslongtok=\toks30

(/usr/share/texlive/texmf-dist/tex/latex/glossaries/styles/glossary-hypernav.st
y
Package: glossary-hypernav 2017/11/14 v4.35 (NLCT)
) (/usr/share/texlive/texmf-dist/tex/latex/glossaries/styles/glossary-list.sty
Package: glossary-list 2017/11/14 v4.35 (NLCT)
\glslistdottedwidth=\skip48
) (/usr/share/texlive/texmf-dist/tex/latex/glossaries/styles/glossary-long.sty
Package: glossary-long 2017/11/14 v4.35 (NLCT)

(/usr/share/texlive/texmf-dist/tex/latex/tools/longtable.sty
Package: longtable 2014/10/28 v4.11 Multi-page Table package (DPC)
\LTleft=\skip49
\LTright=\skip50
\LTpre=\skip51
\LTpost=\skip52
\LTchunksize=\count121
\LTcapwidth=\dimen112
\LT@head=\box28
\LT@firsthead=\box29
\LT@foot=\box30
\LT@lastfoot=\box31
\LT@cols=\count122
\LT@rows=\count123
\c@LT@tables=\count124
\c@LT@chunks=\count125
\LT@p@ftn=\toks31
)
\glsdescwidth=\skip53
\glspagelistwidth=\skip54
)
(/usr/share/texlive/texmf-dist/tex/latex/glossaries/styles/glossary-super.sty
Package: glossary-super 2017/11/14 v4.35 (NLCT)

(/usr/share/texlive/texmf-dist/tex/latex/supertabular/supertabular.sty
Package: supertabular 2004/02/20 v4.1e the supertabular environment
\c@tracingst=\count126
\ST@wd=\dimen113
\ST@rightskip=\skip55
\ST@leftskip=\skip56
\ST@parfillskip=\skip57
\ST@pageleft=\dimen114
\ST@headht=\dimen115
\ST@tailht=\dimen116
\ST@pagesofar=\dimen117
\ST@pboxht=\dimen118
\ST@lineht=\dimen119
\ST@stretchht=\dimen120
\ST@prevht=\dimen121
\ST@toadd=\dimen122
\ST@dimen=\dimen123
\ST@pbox=\box32
))
(/usr/share/texlive/texmf-dist/tex/latex/glossaries/styles/glossary-tree.sty
Package: glossary-tree 2017/11/14 v4.35 (NLCT)
\glstreeindent=\skip58
))
(/usr/share/texlive/texmf-dist/tex/generic/babel/babel.sty
Package: babel 2018/02/14 3.18 The Babel package

(/usr/share/texlive/texmf-dist/tex/generic/babel/switch.def
File: switch.def 2018/02/14 3.18 Babel switching mechanism
)
(/usr/share/texlive/texmf-dist/tex/generic/babel-english/english.ldf
Language: english 2017/06/06 v3.3r English support from the babel system

(/usr/share/texlive/texmf-dist/tex/generic/babel/babel.def
File: babel.def 2018/02/14 3.18 Babel common definitions
\babel@savecnt=\count127
\U@D=\dimen124

(/usr/share/texlive/texmf-dist/tex/generic/babel/txtbabel.def)
\bbl@dirlevel=\count128
)
\l@canadian = a dialect from \language\l@american 
\l@australian = a dialect from \language\l@british 
\l@newzealand = a dialect from \language\l@british 
)
(/usr/share/texlive/texmf-dist/tex/generic/babel-polish/polish.ldf
Language: polish 2005/03/31 v1.2l Polish support from the babel system
Package babel Info: Making " an active character on input line 83.
\pl@left=\dimen125
\pl@down=\dimen126
\pl@right=\dimen127
\pl@temp=\dimen128
))
(/usr/share/texlive/texmf-dist/tex/latex/base/fontenc.sty
Package: fontenc 2017/04/05 v2.0i Standard LaTeX package

(/usr/share/texlive/texmf-dist/tex/latex/base/ot4enc.def
File: ot4enc.def 2017/04/05 v2.0i Standard LaTeX file
Now handling font encoding OT4 ...
... no UTF-8 mapping file for font encoding OT4
)
LaTeX Font Info:    Try loading font information for OT4+cmr on input line 105.


(/usr/share/texlive/texmf-dist/tex/latex/polski/ot4cmr.fd
File: ot4cmr.fd 2008/02/24 v1.2.1 Font defs for fonts PL (MW)
))
(/usr/share/texmf/tex/latex/lm/lmodern.sty
Package: lmodern 2009/10/30 v1.6 Latin Modern Fonts
LaTeX Font Info:    Overwriting symbol font `operators' in version `normal'
(Font)                  OT1/cmr/m/n --> OT1/lmr/m/n on input line 22.
LaTeX Font Info:    Overwriting symbol font `letters' in version `normal'
(Font)                  OML/cmm/m/it --> OML/lmm/m/it on input line 23.
LaTeX Font Info:    Overwriting symbol font `symbols' in version `normal'
(Font)                  OMS/cmsy/m/n --> OMS/lmsy/m/n on input line 24.
LaTeX Font Info:    Overwriting symbol font `largesymbols' in version `normal'
(Font)                  OMX/cmex/m/n --> OMX/lmex/m/n on input line 25.
LaTeX Font Info:    Overwriting symbol font `operators' in version `bold'
(Font)                  OT1/cmr/bx/n --> OT1/lmr/bx/n on input line 26.
LaTeX Font Info:    Overwriting symbol font `letters' in version `bold'
(Font)                  OML/cmm/b/it --> OML/lmm/b/it on input line 27.
LaTeX Font Info:    Overwriting symbol font `symbols' in version `bold'
(Font)                  OMS/cmsy/b/n --> OMS/lmsy/b/n on input line 28.
LaTeX Font Info:    Overwriting symbol font `largesymbols' in version `bold'
(Font)                  OMX/cmex/m/n --> OMX/lmex/m/n on input line 29.
LaTeX Font Info:    Overwriting math alphabet `\mathbf' in version `normal'
(Font)                  OT1/cmr/bx/n --> OT1/lmr/bx/n on input line 31.
LaTeX Font Info:    Overwriting math alphabet `\mathsf' in version `normal'
(Font)                  OT1/cmss/m/n --> OT1/lmss/m/n on input line 32.
LaTeX Font Info:    Overwriting math alphabet `\mathit' in version `normal'
(Font)                  OT1/cmr/m/it --> OT1/lmr/m/it on input line 33.
LaTeX Font Info:    Overwriting math alphabet `\mathtt' in version `normal'
(Font)                  OT1/cmtt/m/n --> OT1/lmtt/m/n on input line 34.
LaTeX Font Info:    Overwriting math alphabet `\mathbf' in version `bold'
(Font)                  OT1/cmr/bx/n --> OT1/lmr/bx/n on input line 35.
LaTeX Font Info:    Overwriting math alphabet `\mathsf' in version `bold'
(Font)                  OT1/cmss/bx/n --> OT1/lmss/bx/n on input line 36.
LaTeX Font Info:    Overwriting math alphabet `\mathit' in version `bold'
(Font)                  OT1/cmr/bx/it --> OT1/lmr/bx/it on input line 37.
LaTeX Font Info:    Overwriting math alphabet `\mathtt' in version `bold'
(Font)                  OT1/cmtt/m/n --> OT1/lmtt/m/n on input line 38.
)
(/usr/share/texlive/texmf-dist/tex/latex/base/textcomp.sty
Package: textcomp 2017/04/05 v2.0i Standard LaTeX package
Package textcomp Info: Sub-encoding information:
(textcomp)               5 = only ISO-Adobe without \textcurrency
(textcomp)               4 = 5 + \texteuro
(textcomp)               3 = 4 + \textohm
(textcomp)               2 = 3 + \textestimated + \textcurrency
(textcomp)               1 = TS1 - \textcircled - \t
(textcomp)               0 = TS1 (full)
(textcomp)             Font families with sub-encoding setting implement
(textcomp)             only a restricted character set as indicated.
(textcomp)             Family '?' is the default used for unknown fonts.
(textcomp)             See the documentation for details.
Package textcomp Info: Setting ? sub-encoding to TS1/1 on input line 79.

(/usr/share/texlive/texmf-dist/tex/latex/base/ts1enc.def
File: ts1enc.def 2001/06/05 v3.0e (jk/car/fm) Standard LaTeX file
Now handling font encoding TS1 ...
... processing UTF-8 mapping file for font encoding TS1

(/usr/share/texlive/texmf-dist/tex/latex/base/ts1enc.dfu
File: ts1enc.dfu 2017/01/28 v1.1t UTF-8 support for inputenc
   defining Unicode char U+00A2 (decimal 162)
   defining Unicode char U+00A3 (decimal 163)
   defining Unicode char U+00A4 (decimal 164)
   defining Unicode char U+00A5 (decimal 165)
   defining Unicode char U+00A6 (decimal 166)
   defining Unicode char U+00A7 (decimal 167)
   defining Unicode char U+00A8 (decimal 168)
   defining Unicode char U+00A9 (decimal 169)
   defining Unicode char U+00AA (decimal 170)
   defining Unicode char U+00AC (decimal 172)
   defining Unicode char U+00AE (decimal 174)
   defining Unicode char U+00AF (decimal 175)
   defining Unicode char U+00B0 (decimal 176)
   defining Unicode char U+00B1 (decimal 177)
   defining Unicode char U+00B2 (decimal 178)
   defining Unicode char U+00B3 (decimal 179)
   defining Unicode char U+00B4 (decimal 180)
   defining Unicode char U+00B5 (decimal 181)
   defining Unicode char U+00B6 (decimal 182)
   defining Unicode char U+00B7 (decimal 183)
   defining Unicode char U+00B9 (decimal 185)
   defining Unicode char U+00BA (decimal 186)
   defining Unicode char U+00BC (decimal 188)
   defining Unicode char U+00BD (decimal 189)
   defining Unicode char U+00BE (decimal 190)
   defining Unicode char U+00D7 (decimal 215)
   defining Unicode char U+00F7 (decimal 247)
   defining Unicode char U+0192 (decimal 402)
   defining Unicode char U+02C7 (decimal 711)
   defining Unicode char U+02D8 (decimal 728)
   defining Unicode char U+02DD (decimal 733)
   defining Unicode char U+0E3F (decimal 3647)
   defining Unicode char U+2016 (decimal 8214)
   defining Unicode char U+2020 (decimal 8224)
   defining Unicode char U+2021 (decimal 8225)
   defining Unicode char U+2022 (decimal 8226)
   defining Unicode char U+2030 (decimal 8240)
   defining Unicode char U+2031 (decimal 8241)
   defining Unicode char U+203B (decimal 8251)
   defining Unicode char U+203D (decimal 8253)
   defining Unicode char U+2044 (decimal 8260)
   defining Unicode char U+204E (decimal 8270)
   defining Unicode char U+2052 (decimal 8274)
   defining Unicode char U+20A1 (decimal 8353)
   defining Unicode char U+20A4 (decimal 8356)
   defining Unicode char U+20A6 (decimal 8358)
   defining Unicode char U+20A9 (decimal 8361)
   defining Unicode char U+20AB (decimal 8363)
   defining Unicode char U+20AC (decimal 8364)
   defining Unicode char U+20B1 (decimal 8369)
   defining Unicode char U+2103 (decimal 8451)
   defining Unicode char U+2116 (decimal 8470)
   defining Unicode char U+2117 (decimal 8471)
   defining Unicode char U+211E (decimal 8478)
   defining Unicode char U+2120 (decimal 8480)
   defining Unicode char U+2122 (decimal 8482)
   defining Unicode char U+2126 (decimal 8486)
   defining Unicode char U+2127 (decimal 8487)
   defining Unicode char U+212E (decimal 8494)
   defining Unicode char U+2190 (decimal 8592)
   defining Unicode char U+2191 (decimal 8593)
   defining Unicode char U+2192 (decimal 8594)
   defining Unicode char U+2193 (decimal 8595)
   defining Unicode char U+2329 (decimal 9001)
   defining Unicode char U+232A (decimal 9002)
   defining Unicode char U+2422 (decimal 9250)
   defining Unicode char U+25E6 (decimal 9702)
   defining Unicode char U+25EF (decimal 9711)
   defining Unicode char U+266A (decimal 9834)
))
LaTeX Info: Redefining \oldstylenums on input line 334.
Package textcomp Info: Setting cmr sub-encoding to TS1/0 on input line 349.
Package textcomp Info: Setting cmss sub-encoding to TS1/0 on input line 350.
Package textcomp Info: Setting cmtt sub-encoding to TS1/0 on input line 351.
Package textcomp Info: Setting cmvtt sub-encoding to TS1/0 on input line 352.
Package textcomp Info: Setting cmbr sub-encoding to TS1/0 on input line 353.
Package textcomp Info: Setting cmtl sub-encoding to TS1/0 on input line 354.
Package textcomp Info: Setting ccr sub-encoding to TS1/0 on input line 355.
Package textcomp Info: Setting ptm sub-encoding to TS1/4 on input line 356.
Package textcomp Info: Setting pcr sub-encoding to TS1/4 on input line 357.
Package textcomp Info: Setting phv sub-encoding to TS1/4 on input line 358.
Package textcomp Info: Setting ppl sub-encoding to TS1/3 on input line 359.
Package textcomp Info: Setting pag sub-encoding to TS1/4 on input line 360.
Package textcomp Info: Setting pbk sub-encoding to TS1/4 on input line 361.
Package textcomp Info: Setting pnc sub-encoding to TS1/4 on input line 362.
Package textcomp Info: Setting pzc sub-encoding to TS1/4 on input line 363.
Package textcomp Info: Setting bch sub-encoding to TS1/4 on input line 364.
Package textcomp Info: Setting put sub-encoding to TS1/5 on input line 365.
Package textcomp Info: Setting uag sub-encoding to TS1/5 on input line 366.
Package textcomp Info: Setting ugq sub-encoding to TS1/5 on input line 367.
Package textcomp Info: Setting ul8 sub-encoding to TS1/4 on input line 368.
Package textcomp Info: Setting ul9 sub-encoding to TS1/4 on input line 369.
Package textcomp Info: Setting augie sub-encoding to TS1/5 on input line 370.
Package textcomp Info: Setting dayrom sub-encoding to TS1/3 on input line 371.
Package textcomp Info: Setting dayroms sub-encoding to TS1/3 on input line 372.

Package textcomp Info: Setting pxr sub-encoding to TS1/0 on input line 373.
Package textcomp Info: Setting pxss sub-encoding to TS1/0 on input line 374.
Package textcomp Info: Setting pxtt sub-encoding to TS1/0 on input line 375.
Package textcomp Info: Setting txr sub-encoding to TS1/0 on input line 376.
Package textcomp Info: Setting txss sub-encoding to TS1/0 on input line 377.
Package textcomp Info: Setting txtt sub-encoding to TS1/0 on input line 378.
Package textcomp Info: Setting lmr sub-encoding to TS1/0 on input line 379.
Package textcomp Info: Setting lmdh sub-encoding to TS1/0 on input line 380.
Package textcomp Info: Setting lmss sub-encoding to TS1/0 on input line 381.
Package textcomp Info: Setting lmssq sub-encoding to TS1/0 on input line 382.
Package textcomp Info: Setting lmvtt sub-encoding to TS1/0 on input line 383.
Package textcomp Info: Setting lmtt sub-encoding to TS1/0 on input line 384.
Package textcomp Info: Setting qhv sub-encoding to TS1/0 on input line 385.
Package textcomp Info: Setting qag sub-encoding to TS1/0 on input line 386.
Package textcomp Info: Setting qbk sub-encoding to TS1/0 on input line 387.
Package textcomp Info: Setting qcr sub-encoding to TS1/0 on input line 388.
Package textcomp Info: Setting qcs sub-encoding to TS1/0 on input line 389.
Package textcomp Info: Setting qpl sub-encoding to TS1/0 on input line 390.
Package textcomp Info: Setting qtm sub-encoding to TS1/0 on input line 391.
Package textcomp Info: Setting qzc sub-encoding to TS1/0 on input line 392.
Package textcomp Info: Setting qhvc sub-encoding to TS1/0 on input line 393.
Package textcomp Info: Setting futs sub-encoding to TS1/4 on input line 394.
Package textcomp Info: Setting futx sub-encoding to TS1/4 on input line 395.
Package textcomp Info: Setting futj sub-encoding to TS1/4 on input line 396.
Package textcomp Info: Setting hlh sub-encoding to TS1/3 on input line 397.
Package textcomp Info: Setting hls sub-encoding to TS1/3 on input line 398.
Package textcomp Info: Setting hlst sub-encoding to TS1/3 on input line 399.
Package textcomp Info: Setting hlct sub-encoding to TS1/5 on input line 400.
Package textcomp Info: Setting hlx sub-encoding to TS1/5 on input line 401.
Package textcomp Info: Setting hlce sub-encoding to TS1/5 on input line 402.
Package textcomp Info: Setting hlcn sub-encoding to TS1/5 on input line 403.
Package textcomp Info: Setting hlcw sub-encoding to TS1/5 on input line 404.
Package textcomp Info: Setting hlcf sub-encoding to TS1/5 on input line 405.
Package textcomp Info: Setting pplx sub-encoding to TS1/3 on input line 406.
Package textcomp Info: Setting pplj sub-encoding to TS1/3 on input line 407.
Package textcomp Info: Setting ptmx sub-encoding to TS1/4 on input line 408.
Package textcomp Info: Setting ptmj sub-encoding to TS1/4 on input line 409.
)
(/usr/share/texlive/texmf-dist/tex/latex/was/gensymb.sty
Package: gensymb 2003/07/02 v1.0 (WaS)
)
(/usr/share/texlive/texmf-dist/tex/latex/float/float.sty
Package: float 2001/11/08 v1.3d Float enhancements (AL)
\c@float@type=\count129
\float@exts=\toks32
\float@box=\box33
\@float@everytoks=\toks33
\@floatcapt=\box34
)
(/usr/share/texlive/texmf-dist/tex/latex/mathtools/mathtools.sty
Package: mathtools 2018/01/08 v1.21 mathematical typesetting tools

(/usr/share/texlive/texmf-dist/tex/latex/tools/calc.sty
Package: calc 2014/10/28 v4.3 Infix arithmetic (KKT,FJ)
\calc@Acount=\count130
\calc@Bcount=\count131
\calc@Adimen=\dimen129
\calc@Bdimen=\dimen130
\calc@Askip=\skip59
\calc@Bskip=\skip60
LaTeX Info: Redefining \setlength on input line 80.
LaTeX Info: Redefining \addtolength on input line 81.
\calc@Ccount=\count132
\calc@Cskip=\skip61
)
(/usr/share/texlive/texmf-dist/tex/latex/mathtools/mhsetup.sty
Package: mhsetup 2017/03/31 v1.3 programming setup (MH)
)
LaTeX Info: Thecontrolsequence`\('isalreadyrobust on input line 129.
LaTeX Info: Thecontrolsequence`\)'isalreadyrobust on input line 129.
LaTeX Info: Thecontrolsequence`\['isalreadyrobust on input line 129.
LaTeX Info: Thecontrolsequence`\]'isalreadyrobust on input line 129.
\g_MT_multlinerow_int=\count133
\l_MT_multwidth_dim=\dimen131
\origjot=\skip62
\l_MT_shortvdotswithinadjustabove_dim=\dimen132
\l_MT_shortvdotswithinadjustbelow_dim=\dimen133
\l_MT_above_intertext_sep=\dimen134
\l_MT_below_intertext_sep=\dimen135
\l_MT_above_shortintertext_sep=\dimen136
\l_MT_below_shortintertext_sep=\dimen137
)
(/usr/share/texlive/texmf-dist/tex/latex/amsfonts/amsfonts.sty
Package: amsfonts 2013/01/14 v3.01 Basic AMSFonts support
\symAMSa=\mathgroup4
\symAMSb=\mathgroup5
LaTeX Font Info:    Overwriting math alphabet `\mathfrak' in version `bold'
(Font)                  U/euf/m/n --> U/euf/b/n on input line 106.
)
(/usr/share/texlive/texmf-dist/tex/latex/fancyhdr/fancyhdr.sty
Package: fancyhdr 2017/06/30 v3.9a Extensive control of page headers and footer
s
\f@nch@headwidth=\skip63
\f@nch@O@elh=\skip64
\f@nch@O@erh=\skip65
\f@nch@O@olh=\skip66
\f@nch@O@orh=\skip67
\f@nch@O@elf=\skip68
\f@nch@O@erf=\skip69
\f@nch@O@olf=\skip70
\f@nch@O@orf=\skip71
)
(/usr/share/texlive/texmf-dist/tex/latex/graphics/graphicx.sty
Package: graphicx 2017/06/01 v1.1a Enhanced LaTeX Graphics (DPC,SPQR)

(/usr/share/texlive/texmf-dist/tex/latex/graphics/graphics.sty
Package: graphics 2017/06/25 v1.2c Standard LaTeX Graphics (DPC,SPQR)

(/usr/share/texlive/texmf-dist/tex/latex/graphics/trig.sty
Package: trig 2016/01/03 v1.10 sin cos tan (DPC)
)
(/usr/share/texlive/texmf-dist/tex/latex/graphics-cfg/graphics.cfg
File: graphics.cfg 2016/06/04 v1.11 sample graphics configuration
)
Package graphics Info: Driver file: pdftex.def on input line 99.

(/usr/share/texlive/texmf-dist/tex/latex/graphics-def/pdftex.def
File: pdftex.def 2018/01/08 v1.0l Graphics/color driver for pdftex
))
\Gin@req@height=\dimen138
\Gin@req@width=\dimen139
)
(/usr/share/texlive/texmf-dist/tex/latex/subfig/subfig.sty
Package: subfig 2005/06/28 ver: 1.3 subfig package

(/usr/share/texlive/texmf-dist/tex/latex/caption/caption.sty
Package: caption 2016/02/21 v3.3-144 Customizing captions (AR)

(/usr/share/texlive/texmf-dist/tex/latex/caption/caption3.sty
Package: caption3 2016/05/22 v1.7-166 caption3 kernel (AR)
Package caption3 Info: TeX engine: e-TeX on input line 67.
\captionmargin=\dimen140
\captionmargin@=\dimen141
\captionwidth=\dimen142
\caption@tempdima=\dimen143
\caption@indent=\dimen144
\caption@parindent=\dimen145
\caption@hangindent=\dimen146
)
\c@ContinuedFloat=\count134
Package caption Info: float package is loaded.
Package caption Info: longtable package is loaded.

(/usr/share/texlive/texmf-dist/tex/latex/caption/ltcaption.sty
Package: ltcaption 2013/06/09 v1.4-94 longtable captions (AR)
)
Package caption Info: supertabular package is loaded.
)
\c@KVtest=\count135
\sf@farskip=\skip72
\sf@captopadj=\dimen147
\sf@capskip=\skip73
\sf@nearskip=\skip74
\c@subfigure=\count136
\c@subfigure@save=\count137
\c@lofdepth=\count138
\c@subtable=\count139
\c@subtable@save=\count140
\c@lotdepth=\count141
\sf@top=\skip75
\sf@bottom=\skip76
)
(/usr/share/texlive/texmf-dist/tex/latex/amsfonts/amssymb.sty
Package: amssymb 2013/01/14 v3.01 AMS font symbols
)
(/usr/share/texlive/texmf-dist/tex/latex/enumitem/enumitem.sty
Package: enumitem 2011/09/28 v3.5.2 Customized lists
\enitkv@toks@=\toks34
\labelindent=\skip77
\enit@outerparindent=\dimen148
\enit@toks=\toks35
\enit@inbox=\box35
\enitdp@description=\count142
)
(/usr/share/texlive/texmf-dist/tex/latex/koma-script/scrextend.sty
Package: scrextend 2017/09/07 v3.24 KOMA-Script package (extend other classes w
ith features of KOMA-Script classes)

(/usr/share/texlive/texmf-dist/tex/latex/koma-script/scrkbase.sty
Package: scrkbase 2017/09/07 v3.24 KOMA-Script package (KOMA-Script-dependent b
asics and keyval usage)

(/usr/share/texlive/texmf-dist/tex/latex/koma-script/scrbase.sty
Package: scrbase 2017/09/07 v3.24 KOMA-Script package (KOMA-Script-independent 
basics and keyval usage)

(/usr/share/texlive/texmf-dist/tex/latex/koma-script/scrlfile.sty
Package: scrlfile 2017/09/07 v3.24 KOMA-Script package (loading files)
)))
LaTeX Info: Redefining \textsubscript on input line 1318.
)
(/usr/share/texlive/texmf-dist/tex/latex/tools/indentfirst.sty
Package: indentfirst 1995/11/23 v1.03 Indent first paragraph (DPC)
)
(/usr/share/texlive/texmf-dist/tex/latex/url/url.sty
\Urlmuskip=\muskip11
Package: url 2013/09/16  ver 3.4  Verb mode for urls, etc.
)
(/usr/share/texlive/texmf-dist/tex/latex/hyperref/hyperref.sty
Package: hyperref 2018/02/06 v6.86b Hypertext links for LaTeX

(/usr/share/texlive/texmf-dist/tex/generic/oberdiek/hobsub-hyperref.sty
Package: hobsub-hyperref 2016/05/16 v1.14 Bundle oberdiek, subset hyperref (HO)


(/usr/share/texlive/texmf-dist/tex/generic/oberdiek/hobsub-generic.sty
Package: hobsub-generic 2016/05/16 v1.14 Bundle oberdiek, subset generic (HO)
Package: hobsub 2016/05/16 v1.14 Construct package bundles (HO)
Package: infwarerr 2016/05/16 v1.4 Providing info/warning/error messages (HO)
Package: ltxcmds 2016/05/16 v1.23 LaTeX kernel commands for general use (HO)
Package: ifluatex 2016/05/16 v1.4 Provides the ifluatex switch (HO)
Package ifluatex Info: LuaTeX not detected.
Package: ifvtex 2016/05/16 v1.6 Detect VTeX and its facilities (HO)
Package ifvtex Info: VTeX not detected.
Package: intcalc 2016/05/16 v1.2 Expandable calculations with integers (HO)
Package: ifpdf 2017/03/15 v3.2 Provides the ifpdf switch
Package: etexcmds 2016/05/16 v1.6 Avoid name clashes with e-TeX commands (HO)
Package etexcmds Info: Could not find \expanded.
(etexcmds)             That can mean that you are not using pdfTeX 1.50 or
(etexcmds)             that some package has redefined \expanded.
(etexcmds)             In the latter case, load this package earlier.
Package: kvsetkeys 2016/05/16 v1.17 Key value parser (HO)
Package: kvdefinekeys 2016/05/16 v1.4 Define keys (HO)
Package: pdftexcmds 2018/01/21 v0.26 Utility functions of pdfTeX for LuaTeX (HO
)
Package pdftexcmds Info: LuaTeX not detected.
Package pdftexcmds Info: \pdf@primitive is available.
Package pdftexcmds Info: \pdf@ifprimitive is available.
Package pdftexcmds Info: \pdfdraftmode found.
Package: pdfescape 2016/05/16 v1.14 Implements pdfTeX's escape features (HO)
Package: bigintcalc 2016/05/16 v1.4 Expandable calculations on big integers (HO
)
Package: bitset 2016/05/16 v1.2 Handle bit-vector datatype (HO)
Package: uniquecounter 2016/05/16 v1.3 Provide unlimited unique counter (HO)
)
Package hobsub Info: Skipping package `hobsub' (already loaded).
Package: letltxmacro 2016/05/16 v1.5 Let assignment for LaTeX macros (HO)
Package: hopatch 2016/05/16 v1.3 Wrapper for package hooks (HO)
Package: xcolor-patch 2016/05/16 xcolor patch
Package: atveryend 2016/05/16 v1.9 Hooks at the very end of document (HO)
Package: atbegshi 2016/06/09 v1.18 At begin shipout hook (HO)
Package: refcount 2016/05/16 v3.5 Data extraction from label references (HO)
Package: hycolor 2016/05/16 v1.8 Color options for hyperref/bookmark (HO)
)
(/usr/share/texlive/texmf-dist/tex/generic/ifxetex/ifxetex.sty
Package: ifxetex 2010/09/12 v0.6 Provides ifxetex conditional
)
(/usr/share/texlive/texmf-dist/tex/latex/oberdiek/auxhook.sty
Package: auxhook 2016/05/16 v1.4 Hooks for auxiliary files (HO)
)
(/usr/share/texlive/texmf-dist/tex/latex/oberdiek/kvoptions.sty
Package: kvoptions 2016/05/16 v3.12 Key value format for package options (HO)
)
\@linkdim=\dimen149
\Hy@linkcounter=\count143
\Hy@pagecounter=\count144

(/usr/share/texlive/texmf-dist/tex/latex/hyperref/pd1enc.def
File: pd1enc.def 2018/02/06 v6.86b Hyperref: PDFDocEncoding definition (HO)
Now handling font encoding PD1 ...
... no UTF-8 mapping file for font encoding PD1
)
\Hy@SavedSpaceFactor=\count145

(/usr/share/texlive/texmf-dist/tex/latex/latexconfig/hyperref.cfg
File: hyperref.cfg 2002/06/06 v1.2 hyperref configuration of TeXLive
)
Package hyperref Info: Hyper figures OFF on input line 4509.
Package hyperref Info: Link nesting OFF on input line 4514.
Package hyperref Info: Hyper index ON on input line 4517.
Package hyperref Info: Plain pages OFF on input line 4524.
Package hyperref Info: Backreferencing OFF on input line 4529.
Package hyperref Info: Implicit mode ON; LaTeX internals redefined.
Package hyperref Info: Bookmarks ON on input line 4762.
\c@Hy@tempcnt=\count146
LaTeX Info: Redefining \url on input line 5115.
\XeTeXLinkMargin=\dimen150
\Fld@menulength=\count147
\Field@Width=\dimen151
\Fld@charsize=\dimen152
Package hyperref Info: Hyper figures OFF on input line 6369.
Package hyperref Info: Link nesting OFF on input line 6374.
Package hyperref Info: Hyper index ON on input line 6377.
Package hyperref Info: backreferencing OFF on input line 6384.
Package hyperref Info: Link coloring OFF on input line 6389.
Package hyperref Info: Link coloring with OCG OFF on input line 6394.
Package hyperref Info: PDF/A mode OFF on input line 6399.
LaTeX Info: Redefining \ref on input line 6439.
LaTeX Info: Redefining \pageref on input line 6443.
\Hy@abspage=\count148
\c@Item=\count149
\c@Hfootnote=\count150
)
Package hyperref Info: Driver (autodetected): hpdftex.

(/usr/share/texlive/texmf-dist/tex/latex/hyperref/hpdftex.def
File: hpdftex.def 2018/02/06 v6.86b Hyperref driver for pdfTeX
\Fld@listcount=\count151
\c@bookmark@seq@number=\count152

(/usr/share/texlive/texmf-dist/tex/latex/oberdiek/rerunfilecheck.sty
Package: rerunfilecheck 2016/05/16 v1.8 Rerun checks for auxiliary files (HO)
Package uniquecounter Info: New unique counter `rerunfilecheck' on input line 2
82.
)
\Hy@SectionHShift=\skip78
)
Package hyperref Info: Option `breaklinks' set `true' on input line 31.

(/usr/share/texlive/texmf-dist/tex/latex/tocbibind/tocbibind.sty
Package: tocbibind 2010/10/13 v1.5k extra ToC listings
Package tocbibind Info: The document has section divisions on input line 50.


Package tocbibind Note: Using section or other style headings.

) (/usr/share/texlive/texmf-dist/tex/latex/tools/bm.sty
Package: bm 2017/01/16 v1.2c Bold Symbol Support (DPC/FMi)
\symboldoperators=\mathgroup6
\symboldletters=\mathgroup7
\symboldsymbols=\mathgroup8
LaTeX Font Info:    Redeclaring math alphabet \mathbf on input line 141.
LaTeX Info: Redefining \bm on input line 207.
)
(/usr/share/texlive/texmf-dist/tex/latex/filecontents/filecontents.sty
Package: filecontents 2011/10/08 v1.3 Create an external file from within a LaT
eX document
)
(/usr/share/texlive/texmf-dist/tex/latex/natbib/natbib.sty
Package: natbib 2010/09/13 8.31b (PWD, AO)
\bibhang=\skip79
\bibsep=\skip80
LaTeX Info: Redefining \cite on input line 694.
\c@NAT@ctr=\count153
)

LaTeX Warning: Overwriting file `./gloss.tex'.

\openout15 = `gloss.tex'.


(./gloss.tex) (./praca_magisterska.aux)
\openout1 = `praca_magisterska.aux'.

LaTeX Font Info:    Checking defaults for OML/cmm/m/it on input line 124.
LaTeX Font Info:    ... okay on input line 124.
LaTeX Font Info:    Checking defaults for T1/cmr/m/n on input line 124.
LaTeX Font Info:    ... okay on input line 124.
LaTeX Font Info:    Checking defaults for OT1/cmr/m/n on input line 124.
LaTeX Font Info:    ... okay on input line 124.
LaTeX Font Info:    Checking defaults for OMS/cmsy/m/n on input line 124.
LaTeX Font Info:    ... okay on input line 124.
LaTeX Font Info:    Checking defaults for OMX/cmex/m/n on input line 124.
LaTeX Font Info:    ... okay on input line 124.
LaTeX Font Info:    Checking defaults for U/cmr/m/n on input line 124.
LaTeX Font Info:    ... okay on input line 124.
LaTeX Font Info:    Checking defaults for OT4/cmr/m/n on input line 124.
LaTeX Font Info:    ... okay on input line 124.
LaTeX Font Info:    Checking defaults for TS1/cmr/m/n on input line 124.
LaTeX Font Info:    Try loading font information for TS1+cmr on input line 124.


(/usr/share/texlive/texmf-dist/tex/latex/base/ts1cmr.fd
File: ts1cmr.fd 2014/09/29 v2.5h Standard LaTeX font definitions
)
LaTeX Font Info:    ... okay on input line 124.
LaTeX Font Info:    Checking defaults for PD1/pdf/m/n on input line 124.
LaTeX Font Info:    ... okay on input line 124.
LaTeX Font Info:    Try loading font information for OT4+lmr on input line 124.


(/usr/share/texmf/tex/latex/lm/ot4lmr.fd
File: ot4lmr.fd 2009/10/30 v1.6 Font defs for Latin Modern
)
\symgns@font=\mathgroup9
LaTeX Font Info:    Overwriting symbol font `gns@font' in version `bold'
(Font)                  TS1/lmr/m/n --> TS1/lmr/bx/n on input line 124.
Package gensymb Info: Math companion symbols declared on input line 124.
LaTeX Info: Redefining \degree on input line 124.
LaTeX Info: Redefining \celsius on input line 124.
Package gensymb Info: Using text companion symbols for \degree, \celsius and \p
erthousand on input line 124.
LaTeX Info: Redefining \ohm on input line 124.
Package gensymb Info: Using \textohm for \ohm on input line 124.
Package gensymb Info: Using \textmu for \micro on input line 124.

(/usr/share/texlive/texmf-dist/tex/context/base/mkii/supp-pdf.mkii
[Loading MPS to PDF converter (version 2006.09.02).]
\scratchcounter=\count154
\scratchdimen=\dimen153
\scratchbox=\box36
\nofMPsegments=\count155
\nofMParguments=\count156
\everyMPshowfont=\toks36
\MPscratchCnt=\count157
\MPscratchDim=\dimen154
\MPnumerator=\count158
\makeMPintoPDFobject=\count159
\everyMPtoPDFconversion=\toks37
) (/usr/share/texlive/texmf-dist/tex/latex/oberdiek/epstopdf-base.sty
Package: epstopdf-base 2016/05/15 v2.6 Base part for package epstopdf

(/usr/share/texlive/texmf-dist/tex/latex/oberdiek/grfext.sty
Package: grfext 2016/05/16 v1.2 Manage graphics extensions (HO)
)
Package epstopdf-base Info: Redefining graphics rule for `.eps' on input line 4
38.
Package grfext Info: Graphics extension search list:
(grfext)             [.pdf,.png,.jpg,.mps,.jpeg,.jbig2,.jb2,.PDF,.PNG,.JPG,.JPE
G,.JBIG2,.JB2,.eps]
(grfext)             \AppendGraphicsExtensions on input line 456.

(/usr/share/texlive/texmf-dist/tex/latex/latexconfig/epstopdf-sys.cfg
File: epstopdf-sys.cfg 2010/07/13 v1.3 Configuration of (r)epstopdf for TeX Liv
e
))
Package caption Info: Begin \AtBeginDocument code.
Package caption Info: subfig package v1.3 is loaded.
Package caption Info: hyperref package is loaded.
Package caption Info: End \AtBeginDocument code.
\AtBeginShipoutBox=\box37
Package hyperref Info: Link coloring OFF on input line 124.

(/usr/share/texlive/texmf-dist/tex/latex/hyperref/nameref.sty
Package: nameref 2016/05/21 v2.44 Cross-referencing by name of section

(/usr/share/texlive/texmf-dist/tex/generic/oberdiek/gettitlestring.sty
Package: gettitlestring 2016/05/16 v1.5 Cleanup title references (HO)
)
\c@section@level=\count160
)
LaTeX Info: Redefining \ref on input line 124.
LaTeX Info: Redefining \pageref on input line 124.
LaTeX Info: Redefining \nameref on input line 124.

(./praca_magisterska.out) (./praca_magisterska.out)
\@outlinefile=\write3
\openout3 = `praca_magisterska.out'.

<images/logo_WEiTI.jpg, id=261, 226.9278pt x 284.9847pt>
File: images/logo_WEiTI.jpg Graphic file (type jpg)
<use images/logo_WEiTI.jpg>
Package pdftex.def Info: images/logo_WEiTI.jpg  used on input line 134.
(pdftex.def)             Requested size: 68.07886pt x 85.49606pt.
<images/Logo-PW-duze.jpg, id=262, 513.8397pt x 513.8397pt>
File: images/Logo-PW-duze.jpg Graphic file (type jpg)
<use images/Logo-PW-duze.jpg>
Package pdftex.def Info: images/Logo-PW-duze.jpg  used on input line 136.
(pdftex.def)             Requested size: 102.76611pt x 102.76611pt.
<images/ia_600_600.png, id=263, 72.27pt x 59.5023pt>
File: images/ia_600_600.png Graphic file (type png)
<use images/ia_600_600.png>
Package pdftex.def Info: images/ia_600_600.png  used on input line 138.
(pdftex.def)             Requested size: 72.2698pt x 59.50214pt.
 [1

{/var/lib/texmf/fonts/map/pdftex/updmap/pdftex.map} <./images/logo_WEiTI.jpg> <
./images/Logo-PW-duze.jpg> <./images/ia_600_600.png>] [2] [3] [4] (./praca_magi
sterska.toc
LaTeX Font Info:    Try loading font information for OT1+lmr on input line 8.

(/usr/share/texmf/tex/latex/lm/ot1lmr.fd
File: ot1lmr.fd 2009/10/30 v1.6 Font defs for Latin Modern
)
LaTeX Font Info:    Try loading font information for OML+lmm on input line 8.

(/usr/share/texmf/tex/latex/lm/omllmm.fd
File: omllmm.fd 2009/10/30 v1.6 Font defs for Latin Modern
)
LaTeX Font Info:    Try loading font information for OMS+lmsy on input line 8.

(/usr/share/texmf/tex/latex/lm/omslmsy.fd
File: omslmsy.fd 2009/10/30 v1.6 Font defs for Latin Modern
)
LaTeX Font Info:    Try loading font information for OMX+lmex on input line 8.

(/usr/share/texmf/tex/latex/lm/omxlmex.fd
File: omxlmex.fd 2009/10/30 v1.6 Font defs for Latin Modern
)
LaTeX Font Info:    External font `lmex10' loaded for size
(Font)              <12> on input line 8.
LaTeX Font Info:    External font `lmex10' loaded for size
(Font)              <8> on input line 8.
LaTeX Font Info:    External font `lmex10' loaded for size
(Font)              <6> on input line 8.
LaTeX Font Info:    Try loading font information for U+msa on input line 8.

(/usr/share/texlive/texmf-dist/tex/latex/amsfonts/umsa.fd
File: umsa.fd 2013/01/14 v3.01 AMS symbols A
)
LaTeX Font Info:    Try loading font information for U+msb on input line 8.

(/usr/share/texlive/texmf-dist/tex/latex/amsfonts/umsb.fd
File: umsb.fd 2013/01/14 v3.01 AMS symbols B
)
LaTeX Font Info:    Try loading font information for TS1+lmr on input line 8.

(/usr/share/texmf/tex/latex/lm/ts1lmr.fd
File: ts1lmr.fd 2009/10/30 v1.6 Font defs for Latin Modern
)pdfTeX warning (ext4): destination with the same identifier (name{page.3}) has
 been already used, duplicate ignored
<to be read again> 
                   \relax 
l.41 ...line {3.2.6}Grid}{45}{subsubsection.3.2.6}
                                                   [3])
\tf@toc=\write4
\openout4 = `praca_magisterska.toc'.

pdfTeX warning (ext4): destination with the same identifier (name{page.4}) has 
been already used, duplicate ignored
<to be read again> 
                   \relax 
l.180 \newpage
               [4]
Using TeX to sort glossary entries---this may take a while
[5] [6] [7] [8


] [9] [10] [11] [12]
<images/pw-sat.jpg, id=505, 314.17375pt x 330.23375pt>
File: images/pw-sat.jpg Graphic file (type jpg)
<use images/pw-sat.jpg>
Package pdftex.def Info: images/pw-sat.jpg  used on input line 301.
(pdftex.def)             Requested size: 155.99762pt x 163.96758pt.
<images/PW-Sat2_2016_16_MSwietlik.png, id=508, 2007.5pt x 2007.5pt>
File: images/PW-Sat2_2016_16_MSwietlik.png Graphic file (type png)
<use images/PW-Sat2_2016_16_MSwietlik.png>
Package pdftex.def Info: images/PW-Sat2_2016_16_MSwietlik.png  used on input li
ne 303.
(pdftex.def)             Requested size: 195.0pt x 194.97232pt.
<images/brite.jpg, id=511, 270.00874pt x 301.125pt>
File: images/brite.jpg Graphic file (type jpg)
<use images/brite.jpg>
Package pdftex.def Info: images/brite.jpg  used on input line 306.
(pdftex.def)             Requested size: 195.0pt x 217.47606pt.
<images/INSPIRE_JPL.jpg, id=514, 574.145pt x 833.1125pt>
File: images/INSPIRE_JPL.jpg Graphic file (type jpg)
<use images/INSPIRE_JPL.jpg>
Package pdftex.def Info: images/INSPIRE_JPL.jpg  used on input line 313.
(pdftex.def)             Requested size: 258.36285pt x 374.89716pt.
 [13] [14 <./images/pw-sat.jpg> <./images/PW-Sat2_2016_16_MSwietlik.png> <./ima
ges/brite.jpg>] [15 <./images/INSPIRE_JPL.jpg>]
<images/Renesans_008.png, id=552, 374.90062pt x 325.215pt>
File: images/Renesans_008.png Graphic file (type png)
<use images/Renesans_008.png>
Package pdftex.def Info: images/Renesans_008.png  used on input line 326.
(pdftex.def)             Requested size: 155.99762pt x 135.32396pt.
<images/Renesans_010.png, id=555, 630.85687pt x 393.72093pt>
File: images/Renesans_010.png Graphic file (type png)
<use images/Renesans_010.png>
Package pdftex.def Info: images/Renesans_010.png  used on input line 328.
(pdftex.def)             Requested size: 234.00238pt x 146.04092pt.
<images/hypersat_3.jpg, id=558, 5492.52pt x 3661.68pt>
File: images/hypersat_3.jpg Graphic file (type jpg)
<use images/hypersat_3.jpg>
Package pdftex.def Info: images/hypersat_3.jpg  used on input line 331.
(pdftex.def)             Requested size: 272.99881pt x 181.97726pt.

Underfull \vbox (badness 10000) has occurred while \output is active []

 [16 <./images/Renesans_008.png> <./images/Renesans_010.png> <./images/hypersat
_3.jpg>]
[17] [18] [19]
<images/NVIDIA_Jetson_TX2_Module_Devkit.png, id=606, 702.625pt x 396.48125pt>
File: images/NVIDIA_Jetson_TX2_Module_Devkit.png Graphic file (type png)
<use images/NVIDIA_Jetson_TX2_Module_Devkit.png>
Package pdftex.def Info: images/NVIDIA_Jetson_TX2_Module_Devkit.png  used on in
put line 396.
(pdftex.def)             Requested size: 702.62328pt x 396.48027pt.
<images/Tegra_Parker_Block_Diagram-1.png, id=609, 1078.78032pt x 630.10406pt>
File: images/Tegra_Parker_Block_Diagram-1.png Graphic file (type png)
<use images/Tegra_Parker_Block_Diagram-1.png>
Package pdftex.def Info: images/Tegra_Parker_Block_Diagram-1.png  used on input
 line 403.
(pdftex.def)             Requested size: 1078.77768pt x 630.10252pt.
 [20] [21 <./images/NVIDIA_Jetson_TX2_Module_Devkit.png>]
[22 <./images/Tegra_Parker_Block_Diagram-1.png>] [23


]
<images/Comparison_satellite_navigation_orbits.png, id=635, 513.92pt x 513.92pt
>
File: images/Comparison_satellite_navigation_orbits.png Graphic file (type png)

<use images/Comparison_satellite_navigation_orbits.png>
Package pdftex.def Info: images/Comparison_satellite_navigation_orbits.png  use
d on input line 446.
(pdftex.def)             Requested size: 359.74153pt x 359.74153pt.
<images/eci_frame.jpg, id=639, 496.85625pt x 562.1pt>
File: images/eci_frame.jpg Graphic file (type jpg)
<use images/eci_frame.jpg>
Package pdftex.def Info: images/eci_frame.jpg  used on input line 462.
(pdftex.def)             Requested size: 198.73897pt x 224.83601pt.
 [24] [25 <./images/Comparison_satellite_navigation_orbits.png>]
<images/ned_frame.jpg, id=655, 301.125pt x 276.03125pt>
File: images/ned_frame.jpg Graphic file (type jpg)
<use images/ned_frame.jpg>
Package pdftex.def Info: images/ned_frame.jpg  used on input line 475.
(pdftex.def)             Requested size: 180.67638pt x 165.62001pt.
 [26 <./images/eci_frame.jpg>]
<images/body_frame.jpg, id=665, 416.55624pt x 415.5525pt>
File: images/body_frame.jpg Graphic file (type jpg)
<use images/body_frame.jpg>
Package pdftex.def Info: images/body_frame.jpg  used on input line 485.
(pdftex.def)             Requested size: 208.2776pt x 207.77574pt.

Underfull \vbox (badness 1360) has occurred while \output is active []

 [27 <./images/ned_frame.jpg> <./images/body_frame.jpg>] [28] [29] [30]
<images/startracker_eng.jpg, id=713, 646.415pt x 119.44624pt>
File: images/startracker_eng.jpg Graphic file (type jpg)
<use images/startracker_eng.jpg>
Package pdftex.def Info: images/startracker_eng.jpg  used on input line 591.
(pdftex.def)             Requested size: 381.38155pt x 70.47266pt.
 [31 <./images/startracker_eng.jpg>] [32] [33] [34]
<images/centroids_1.jpg, id=752, 234.8775pt x 208.78pt>
File: images/centroids_1.jpg Graphic file (type jpg)
<use images/centroids_1.jpg>
Package pdftex.def Info: images/centroids_1.jpg  used on input line 713.
(pdftex.def)             Requested size: 195.0pt x 173.33192pt.
<images/centroids_2.png, id=753, 234.8775pt x 208.78pt>
File: images/centroids_2.png Graphic file (type png)
<use images/centroids_2.png>
Package pdftex.def Info: images/centroids_2.png  used on input line 715.
(pdftex.def)             Requested size: 195.0pt x 173.33192pt.
<images/centroids_3.png, id=754, 234.8775pt x 208.78pt>
File: images/centroids_3.png Graphic file (type png)
<use images/centroids_3.png>
Package pdftex.def Info: images/centroids_3.png  used on input line 717.
(pdftex.def)             Requested size: 195.0pt x 173.33192pt.
<images/centroids_4.png, id=755, 234.8775pt x 208.78pt>
File: images/centroids_4.png Graphic file (type png)
<use images/centroids_4.png>
Package pdftex.def Info: images/centroids_4.png  used on input line 720.
(pdftex.def)             Requested size: 195.0pt x 173.33192pt.
 [35] [36 <./images/centroids_1.jpg> <./images/centroids_2.png> <./images/centr
oids_3.png> <./images/centroids_4.png>]
<images/vector_angle_method.jpg, id=785, 332.24126pt x 233.87375pt>
File: images/vector_angle_method.jpg Graphic file (type jpg)
<use images/vector_angle_method.jpg>
Package pdftex.def Info: images/vector_angle_method.jpg  used on input line 734
.
(pdftex.def)             Requested size: 232.56728pt x 163.71048pt.
 [37 <./images/vector_angle_method.jpg>] [38]
<images/spherical_triangle_method.jpg, id=812, 831.105pt x 633.36626pt>
File: images/spherical_triangle_method.jpg Graphic file (type jpg)
<use images/spherical_triangle_method.jpg>
Package pdftex.def Info: images/spherical_triangle_method.jpg  used on input li
ne 810.
(pdftex.def)             Requested size: 241.01427pt x 183.67151pt.
 [39] [40 <./images/spherical_triangle_method.jpg>]
<images/planar_triangle_method.jpg, id=830, 831.105pt x 633.36626pt>
File: images/planar_triangle_method.jpg Graphic file (type jpg)
<use images/planar_triangle_method.jpg>
Package pdftex.def Info: images/planar_triangle_method.jpg  used on input line 
848.
(pdftex.def)             Requested size: 249.33342pt x 190.01134pt.
 [41 <./images/planar_triangle_method.jpg>] [42] [43] [44]
<images/pyramid_method.jpg, id=894, 566.115pt x 982.67125pt>
File: images/pyramid_method.jpg Graphic file (type jpg)
<use images/pyramid_method.jpg>
Package pdftex.def Info: images/pyramid_method.jpg  used on input line 1006.
(pdftex.def)             Requested size: 322.6889pt x 560.12843pt.
 [45]
[46 <./images/pyramid_method.jpg>] [47] [48] [49]
<images/k-vector-example.png, id=955, 577.15625pt x 457.71pt>
File: images/k-vector-example.png Graphic file (type png)
<use images/k-vector-example.png>
Package pdftex.def Info: images/k-vector-example.png  used on input line 1125.
(pdftex.def)             Requested size: 328.98247pt x 260.89742pt.
 [50] [51 <./images/k-vector-example.png>] [52] [53] [54] [55] [56]
LaTeX Font Info:    External font `lmex10' loaded for size
(Font)              <10> on input line 1335.
LaTeX Font Info:    External font `lmex10' loaded for size
(Font)              <7> on input line 1335.
LaTeX Font Info:    External font `lmex10' loaded for size
(Font)              <5> on input line 1335.
 [57]
<images/startracker_full_diagram.jpg, id=1060, 723.70375pt x 673.51625pt>
File: images/startracker_full_diagram.jpg Graphic file (type jpg)
<use images/startracker_full_diagram.jpg>
Package pdftex.def Info: images/startracker_full_diagram.jpg  used on input lin
e 1358.
(pdftex.def)             Requested size: 383.56116pt x 356.96191pt.
 [58] [59 <./images/startracker_full_diagram.jpg>] [60]
<images/get_image_stars_diagram.jpg, id=1086, 743.77875pt x 783.92876pt>
File: images/get_image_stars_diagram.jpg Graphic file (type jpg)
<use images/get_image_stars_diagram.jpg>
Package pdftex.def Info: images/get_image_stars_diagram.jpg  used on input line
 1425.
(pdftex.def)             Requested size: 379.32214pt x 399.79839pt.
 [61] [62 <./images/get_image_stars_diagram.jpg>]
Underfull \vbox (badness 10000) has occurred while \output is active []

 [63]
<images/star_identifier_diagram.jpg, id=1102, 703.62875pt x 683.55376pt>
File: images/star_identifier_diagram.jpg Graphic file (type jpg)
<use images/star_identifier_diagram.jpg>
Package pdftex.def Info: images/star_identifier_diagram.jpg  used on input line
 1447.
(pdftex.def)             Requested size: 386.99701pt x 375.95573pt.

Underfull \vbox (badness 7133) has occurred while \output is active []

 [64 <./images/star_identifier_diagram.jpg>]
<images/example_0.png, id=1110, 903.375pt x 903.375pt>
File: images/example_0.png Graphic file (type png)
<use images/example_0.png>
Package pdftex.def Info: images/example_0.png  used on input line 1468.
(pdftex.def)             Requested size: 361.3436pt x 361.3436pt.
<images/example_1.png, id=1113, 642.4pt x 481.8pt>
File: images/example_1.png Graphic file (type png)
<use images/example_1.png>
Package pdftex.def Info: images/example_1.png  used on input line 1508.
(pdftex.def)             Requested size: 385.44298pt x 289.08221pt.

Underfull \hbox (badness 10000) in paragraph at lines 1521--1521
[]\OT1/lmr/m/n/12 image
 []


Underfull \hbox (badness 10000) in paragraph at lines 1521--1521
[]\OT1/lmr/m/n/12 number
 []


Underfull \hbox (badness 10000) in paragraph at lines 1521--1521
\OT1/lmr/m/n/12 of all
 []

[65] [66 <./images/example_0.png>] [67 <./images/example_1.png>] [68]
<images/example_2.png, id=1143, 642.4pt x 481.8pt>
File: images/example_2.png Graphic file (type png)
<use images/example_2.png>
Package pdftex.def Info: images/example_2.png  used on input line 1627.
(pdftex.def)             Requested size: 385.44298pt x 289.08221pt.
 [69]
[70 <./images/example_2.png>]
<images/example_3.png, id=1162, 863.225pt x 839.135pt>
File: images/example_3.png Graphic file (type png)
<use images/example_3.png>
Package pdftex.def Info: images/example_3.png  used on input line 1656.
(pdftex.def)             Requested size: 250.32884pt x 243.34291pt.
<images/example_4.png, id=1163, 882.29625pt x 858.20625pt>
File: images/example_4.png Graphic file (type png)
<use images/example_4.png>
Package pdftex.def Info: images/example_4.png  used on input line 1663.
(pdftex.def)             Requested size: 255.85936pt x 248.87344pt.
 [71] [72 <./images/example_3.png> <./images/example_4.png>]
Underfull \vbox (badness 1622) has occurred while \output is active []

 [73]
<images/power_plot.png, id=1191, 642.4pt x 481.8pt>
File: images/power_plot.png Graphic file (type png)
<use images/power_plot.png>
Package pdftex.def Info: images/power_plot.png  used on input line 1689.
(pdftex.def)             Requested size: 353.32109pt x 264.99081pt.
<images/times_plot.png, id=1192, 642.4pt x 481.8pt>
File: images/times_plot.png Graphic file (type png)
<use images/times_plot.png>
Package pdftex.def Info: images/times_plot.png  used on input line 1696.
(pdftex.def)             Requested size: 353.32109pt x 264.99081pt.
<images/power_times_plot.png, id=1193, 642.4pt x 481.8pt>
File: images/power_times_plot.png Graphic file (type png)
<use images/power_times_plot.png>
Package pdftex.def Info: images/power_times_plot.png  used on input line 1703.
(pdftex.def)             Requested size: 353.32109pt x 264.99081pt.

[74] [75 <./images/power_plot.png (PNG copy)> <./images/times_plot.png (PNG cop
y)>] [76 <./images/power_times_plot.png (PNG copy)>] [77


] [78]
(./praca_magisterska.bbl [79] [80] [81]
Underfull \hbox (badness 3568) in paragraph at lines 241--244
[]\OT1/lmr/m/n/12 ``Space re-search at War-saw Uni-ver-sity of Tech-nol-ogy,'' 
[]$http : / /
 []


Underfull \hbox (badness 1867) in paragraph at lines 241--244
\OT1/lmr/m/n/12 panorama . varsovia . pl / varsovia / warstwy / cosmic / badani
a . php . htm$[], ac-
 []

[82]
Underfull \hbox (badness 4441) in paragraph at lines 280--283
[]\OT1/lmr/m/n/12 ``Polskie Ra-dio: Pier-wszy pol-ski satelita pole-cia w kos-
mos,''
 []


Underfull \hbox (badness 10000) in paragraph at lines 280--283
[]$\OT1/lmr/m/n/12 http : / / www . polskieradio . pl / 7 / 129 / Artykul / 536
883 ,[] Pierwszy -[] polski -[]
 []


Underfull \hbox (badness 1281) in paragraph at lines 285--287
[]\OT1/lmr/m/n/12 ``BRITE-PL, PL2 (CanX 3C, 3D / Lem, Heweliusz) - Gunter's
 []


Underfull \hbox (badness 4940) in paragraph at lines 285--287
\OT1/lmr/m/n/12 Space Page,'' []$http : / / space . skyrocket . de / doc _ sdat
 / brite -[] pl . htm$[], ac-
 []


Underfull \hbox (badness 10000) in paragraph at lines 293--296
[]$\OT1/lmr/m/n/12 https : / / www . pw . edu . pl / Studenci / Aktualnosci / S
atelita -[] studencki -[] PW -[]
 []


Underfull \hbox (badness 10000) in paragraph at lines 309--312
\OT1/lmr/m/n/12 / / www . space24 . pl / hypersat -[] platforma -[] dla -[] mik
rosatelitow -[] z -[] piaseczna$[],
 []

[83]
Underfull \hbox (badness 10000) in paragraph at lines 314--317
\OT1/lmr/m/n/12 satelitarna -[] szkielet -[] uklad -[] nerwowy -[] i -[] krwioo
bieg -[] satelity -[] analiza$[], ac-
 []


Underfull \hbox (badness 10000) in paragraph at lines 323--326
[]\OT1/lmr/m/n/12 ``NASA's Uti-liza-tion of Global Po-si-tion-ing Sys-tem (GPS)
,''
 []


Underfull \hbox (badness 10000) in paragraph at lines 323--326
[]$\OT1/lmr/m/n/12 https : / / www . nasa . gov / directorates / heo / scan / c
ommunications / policy /
 []


Underfull \hbox (badness 10000) in paragraph at lines 343--346
\OT1/lmr/m/n/12 NVIDIA,'' []$https : / / devblogs . nvidia . com / jetson -[] t
x2 -[] delivers -[] twice -[]
 []


Underfull \hbox (badness 10000) in paragraph at lines 348--351
[]\OT1/lmr/m/n/12 ``Jetson TX2 price, NVIDIA,'' []$https : / / www . nvidia . c
om / en -[]
 []


Underfull \hbox (badness 4084) in paragraph at lines 353--357
[]\OT1/lmr/m/n/12 ``Earth's nav-i-ga-tion or-bits im-age,'' []$https : / / uplo
ad . wikimedia . org /
 []


Underfull \hbox (badness 10000) in paragraph at lines 353--357
\OT1/lmr/m/n/12 wikipedia / commons / thumb / b / b4 / Comparison _ satellite _
 navigation _
 []


Underfull \hbox (badness 10000) in paragraph at lines 353--357
\OT1/lmr/m/n/12 orbits . svg / 512px -[] Comparison _ satellite _ navigation _ 
orbits . svg . png$[], ac-
 []

[84]
Underfull \hbox (badness 1303) in paragraph at lines 429--432
[]\OT1/lmr/m/n/12 ``StarVision Tech-nolo-gies Se-cures Ex-clu-sive Li-cense to 
Star Iden-
 []


Underfull \hbox (badness 10000) in paragraph at lines 429--432
\OT1/lmr/m/n/12 ti-fi-ca-tion Soft-ware,'' []$http : / / www . prweb . com / re
leases / 2005 / 05 /
 []

[85]
Underfull \hbox (badness 10000) in paragraph at lines 476--480
\OT1/lmr/m/n/12 community / blogs / jfp / entry / A _ Comparison _ Of _ C _ Jul
ia _ Python _ Numba _
 []


Underfull \hbox (badness 10000) in paragraph at lines 476--480
\OT1/lmr/m/n/12 Cython _ Scipy _ and _ BLAS _ on _ LU _ Factorization ? lang = 
en$[], ac-cessed:
 []


Underfull \hbox (badness 4752) in paragraph at lines 482--484
[]\OT1/lmr/m/n/12 ``NUMBA VER-SUS C++,'' []$https : / / murillogroupmsu . com /
 numba -[]
 []

[86]) [87] (./praca_magisterska.lot)
\tf@lot=\write5
\openout5 = `praca_magisterska.lot'.

 [88] (./praca_magisterska.lof
Underfull \vbox (badness 4303) has occurred while \output is active []

 [89])
\tf@lof=\write6
\openout6 = `praca_magisterska.lof'.


[90]
Package atveryend Info: Empty hook `BeforeClearDocument' on input line 1753.
Package atveryend Info: Empty hook `AfterLastShipout' on input line 1753.
 (./praca_magisterska.aux)
Package atveryend Info: Executing hook `AtVeryEndDocument' on input line 1753.
Package atveryend Info: Executing hook `AtEndAfterFileList' on input line 1753.

Package rerunfilecheck Info: File `praca_magisterska.out' has not changed.
(rerunfilecheck)             Checksum: 8D2162C9D90969B3B6C4BFE31AB3F398;4672.
 ) 
Here is how much of TeX's memory you used:
 17664 strings out of 492982
 276233 string characters out of 6134895
 433726 words of memory out of 5000000
 20406 multiletter control sequences out of 15000+600000
 78525 words of font info for 82 fonts, out of 8000000 for 9000
 1141 hyphenation exceptions out of 8191
 61i,15n,96p,2194b,645s stack positions out of 5000i,500n,10000p,200000b,80000s
{/usr/share/texmf/fonts/enc/dvips/lm/lm-rm.enc}{/usr/share/texmf/fonts/enc/dv
ips/lm/lm-mathsy.enc}{/usr/share/texmf/fonts/enc/dvips/lm/lm-mathex.enc}{/usr/s
hare/texmf/fonts/enc/dvips/lm/lm-ts1.enc}{/usr/share/texmf/fonts/enc/dvips/lm/l
m-mathit.enc}</usr/share/texmf/fonts/type1/public/lm/lmbx10.pfb></usr/share/tex
mf/fonts/type1/public/lm/lmbx12.pfb></usr/share/texmf/fonts/type1/public/lm/lmb
x8.pfb></usr/share/texmf/fonts/type1/public/lm/lmex10.pfb></usr/share/texmf/fon
ts/type1/public/lm/lmmi12.pfb></usr/share/texmf/fonts/type1/public/lm/lmmi6.pfb
></usr/share/texmf/fonts/type1/public/lm/lmmi8.pfb></usr/share/texmf/fonts/type
1/public/lm/lmmib10.pfb></usr/share/texmf/fonts/type1/public/lm/lmr10.pfb></usr
/share/texmf/fonts/type1/public/lm/lmr12.pfb></usr/share/texmf/fonts/type1/publ
ic/lm/lmr17.pfb></usr/share/texmf/fonts/type1/public/lm/lmr7.pfb></usr/share/te
xmf/fonts/type1/public/lm/lmr8.pfb></usr/share/texmf/fonts/type1/public/lm/lmri
12.pfb></usr/share/texmf/fonts/type1/public/lm/lmsy10.pfb></usr/share/texmf/fon
ts/type1/public/lm/lmsy8.pfb></usr/share/texlive/texmf-dist/fonts/type1/public/
amsfonts/symbols/msam10.pfb>
Output written on praca_magisterska.pdf (92 pages, 17371754 bytes).
PDF statistics:
 1518 PDF objects out of 1728 (max. 8388607)
 1322 compressed objects within 14 object streams
 435 named destinations out of 1000 (max. 500000)
 698 words of extra memory for PDF output out of 10000 (max. 10000000)

