\BOOKMARK [1][-]{section*.2}{Acronyms}{}% 1
\BOOKMARK [1][-]{section*.4}{List of Symbols}{}% 2
\BOOKMARK [1][-]{section.1}{Introduction}{}% 3
\BOOKMARK [2][-]{subsection.1.1}{Motivation}{section.1}% 4
\BOOKMARK [2][-]{subsection.1.2}{Outline of thesis}{section.1}% 5
\BOOKMARK [2][-]{subsection.1.3}{Similar work}{section.1}% 6
\BOOKMARK [2][-]{subsection.1.4}{Cubesat}{section.1}% 7
\BOOKMARK [2][-]{subsection.1.5}{Means of attitude determination}{section.1}% 8
\BOOKMARK [3][-]{subsubsection.1.5.1}{Inertial Measurement Unit}{subsection.1.5}% 9
\BOOKMARK [3][-]{subsubsection.1.5.2}{Sun Sensors}{subsection.1.5}% 10
\BOOKMARK [3][-]{subsubsection.1.5.3}{Star-Tracker}{subsection.1.5}% 11
\BOOKMARK [3][-]{subsubsection.1.5.4}{Horizon Sensors}{subsection.1.5}% 12
\BOOKMARK [3][-]{subsubsection.1.5.5}{Magnetometer}{subsection.1.5}% 13
\BOOKMARK [3][-]{subsubsection.1.5.6}{GPS - maybe}{subsection.1.5}% 14
\BOOKMARK [3][-]{subsubsection.1.5.7}{Conclusions}{subsection.1.5}% 15
\BOOKMARK [2][-]{subsection.1.6}{On-board computer}{section.1}% 16
\BOOKMARK [1][-]{section.2}{Preliminaries}{}% 17
\BOOKMARK [2][-]{subsection.2.1}{Earth's orbits}{section.2}% 18
\BOOKMARK [2][-]{subsection.2.2}{Coordinate frames}{section.2}% 19
\BOOKMARK [3][-]{subsubsection.2.2.1}{ECI frame}{subsection.2.2}% 20
\BOOKMARK [3][-]{subsubsection.2.2.2}{ECEF frame}{subsection.2.2}% 21
\BOOKMARK [3][-]{subsubsection.2.2.3}{NED frame}{subsection.2.2}% 22
\BOOKMARK [3][-]{subsubsection.2.2.4}{BODY frame}{subsection.2.2}% 23
\BOOKMARK [2][-]{subsection.2.3}{Space environment}{section.2}% 24
\BOOKMARK [2][-]{subsection.2.4}{Attitude representations}{section.2}% 25
\BOOKMARK [3][-]{subsubsection.2.4.1}{Euler angles}{subsection.2.4}% 26
\BOOKMARK [3][-]{subsubsection.2.4.2}{Quaternions}{subsection.2.4}% 27
\BOOKMARK [3][-]{subsubsection.2.4.3}{Advantages of quaternions}{subsection.2.4}% 28
\BOOKMARK [1][-]{section.3}{Star-tracker program}{}% 29
\BOOKMARK [2][-]{subsection.3.1}{Centroid - start recognition}{section.3}% 30
\BOOKMARK [2][-]{subsection.3.2}{Star identification}{section.3}% 31
\BOOKMARK [3][-]{subsubsection.3.2.1}{Angle Matching}{subsection.3.2}% 32
\BOOKMARK [3][-]{subsubsection.3.2.2}{Spherical Triangle Matching}{subsection.3.2}% 33
\BOOKMARK [3][-]{subsubsection.3.2.3}{Planar Triangle}{subsection.3.2}% 34
\BOOKMARK [3][-]{subsubsection.3.2.4}{Pyramid}{subsection.3.2}% 35
\BOOKMARK [3][-]{subsubsection.3.2.5}{Rate Matching}{subsection.3.2}% 36
\BOOKMARK [3][-]{subsubsection.3.2.6}{Voting}{subsection.3.2}% 37
\BOOKMARK [3][-]{subsubsection.3.2.7}{Grid}{subsection.3.2}% 38
\BOOKMARK [2][-]{subsection.3.3}{Star-catalogue and searching for matching stars}{section.3}% 39
\BOOKMARK [3][-]{subsubsection.3.3.1}{Star Catalogue Generation}{subsection.3.3}% 40
\BOOKMARK [3][-]{subsubsection.3.3.2}{Candidate Matching}{subsection.3.3}% 41
\BOOKMARK [3][-]{subsubsection.3.3.3}{Result Verification}{subsection.3.3}% 42
\BOOKMARK [3][-]{subsubsection.3.3.4}{k-vector}{subsection.3.3}% 43
\BOOKMARK [2][-]{subsection.3.4}{Attitude Determination}{section.3}% 44
\BOOKMARK [3][-]{subsubsection.3.4.1}{q-method}{subsection.3.4}% 45
\BOOKMARK [3][-]{subsubsection.3.4.2}{Wahba's problem}{subsection.3.4}% 46
\BOOKMARK [3][-]{subsubsection.3.4.3}{QUEST}{subsection.3.4}% 47
\BOOKMARK [3][-]{subsubsection.3.4.4}{TRIAD}{subsection.3.4}% 48
\BOOKMARK [3][-]{subsubsection.3.4.5}{The Fast Optimal Attitude Matrix}{subsection.3.4}% 49
\BOOKMARK [3][-]{subsubsection.3.4.6}{DCM \(Direction Cosine Matrix\)}{subsection.3.4}% 50
\BOOKMARK [1][-]{section.4}{Prototype}{}% 51
\BOOKMARK [1][-]{section.5}{Complete program}{}% 52
\BOOKMARK [1][-]{section.6}{Testing of star-tracker}{}% 53
\BOOKMARK [1][-]{section*.18}{References}{}% 54
\BOOKMARK [1][-]{section*.19}{List of Tables}{}% 55
\BOOKMARK [1][-]{section*.20}{List of Figures}{}% 56
